<?xml version="1.0" encoding="UTF-8"?>
<!-- Generated by org.testng.reporters.JUnitReportReporter -->
<testsuite hostname="DESKTOP-5ASHKJ7" name="com.abc.OrangeHRMS.Test.LoginPageTest" tests="1" failures="0" timestamp="20 Mar 2022 16:07:51 GMT" time="4.222" errors="0">
  <testcase name="TC1" time="4.222" classname="com.abc.OrangeHRMS.Test.LoginPageTest"/>
</testsuite> <!-- com.abc.OrangeHRMS.Test.LoginPageTest -->
