<?xml version="1.0" encoding="UTF-8"?>
<!-- Generated by org.testng.reporters.JUnitReportReporter -->
<testsuite hostname="DESKTOP-6OMH5PA" failures="0" tests="3" name="com.tcs.tests.first_test" time="35.665" errors="0" timestamp="2022-08-17T10:39:26 IST" skipped="0">
  <testcase classname="com.tcs.tests.first_test" name="Orange" time="12.625"/>
  <system-out/>
  <testcase classname="com.tcs.tests.first_test" name="Apple" time="15.185"/>
  <system-out/>
  <testcase classname="com.tcs.tests.first_test" name="Mango" time="7.855"/>
  <system-out/>
</testsuite> <!-- com.tcs.tests.first_test -->
