<?xml version="1.0" encoding="UTF-8"?>
<!-- Generated by org.testng.reporters.JUnitReportReporter -->
<testsuite hostname="DESKTOP-6OMH5PA" failures="0" tests="3" name="PRACTICE.ANNOTATIONS2" time="0.013" errors="0" timestamp="2022-07-08T15:47:54 IST" skipped="0">
  <testcase classname="PRACTICE.ANNOTATIONS2" name="test4" time="0.004"/>
  <system-out/>
  <testcase classname="PRACTICE.ANNOTATIONS2" name="test5" time="0.006"/>
  <system-out/>
  <testcase classname="PRACTICE.ANNOTATIONS2" name="test6" time="0.003"/>
  <system-out/>
</testsuite> <!-- PRACTICE.ANNOTATIONS2 -->
