<?xml version="1.0" encoding="UTF-8"?>
<!-- Generated by org.testng.reporters.JUnitReportReporter -->
<testsuite hostname="DESKTOP-6OMH5PA" failures="0" tests="1" name="PARALLEL_TESTING.PARALLEL_TESTING_CLASS1" time="21.521" errors="0" timestamp="2022-05-23T09:28:25 IST" skipped="0">
  <testcase classname="PARALLEL_TESTING.PARALLEL_TESTING_CLASS1" name="logo" time="21.521"/>
  <system-out/>
</testsuite> <!-- PARALLEL_TESTING.PARALLEL_TESTING_CLASS1 -->
