<?xml version="1.0" encoding="UTF-8"?>
<!-- Generated by org.testng.reporters.JUnitReportReporter -->
<testsuite hostname="DESKTOP-6OMH5PA" failures="0" tests="1" name="PRACTICE.PARALLEL_TESTING" time="6.969" errors="0" timestamp="2022-05-24T13:22:56 IST" skipped="0">
  <testcase classname="PRACTICE.PARALLEL_TESTING" name="logo" time="6.969"/>
  <system-out/>
</testsuite> <!-- PRACTICE.PARALLEL_TESTING -->
