<?xml version="1.0" encoding="UTF-8"?>
<!-- Generated by org.testng.reporters.JUnitReportReporter -->
<testsuite hostname="DESKTOP-6OMH5PA" failures="0" tests="1" name="PRACTICE.enabled" time="0.012" errors="0" timestamp="2022-07-25T13:08:15 IST" skipped="1">
  <testcase classname="PRACTICE.enabled" name="m2" time="0.012">
    <skipped/>
  </testcase> <!-- m2 -->
  <system-out/>
</testsuite> <!-- PRACTICE.enabled -->
