<?xml version="1.0" encoding="UTF-8"?>
<!-- Generated by org.testng.reporters.JUnitReportReporter -->
<testsuite hostname="DESKTOP-6OMH5PA" failures="0" tests="3" name="PRACTICE.DATA_PROVIDER" time="0.015" errors="0" timestamp="2022-07-25T13:11:28 IST" skipped="0">
  <testcase classname="PRACTICE.DATA_PROVIDER" name="login_test" time="0.011"/>
  <system-out/>
  <testcase classname="PRACTICE.DATA_PROVIDER" name="login_test" time="0.002"/>
  <system-out/>
  <testcase classname="PRACTICE.DATA_PROVIDER" name="login_test" time="0.002"/>
  <system-out/>
</testsuite> <!-- PRACTICE.DATA_PROVIDER -->
