<?xml version="1.0" encoding="UTF-8"?>
<!-- Generated by org.testng.reporters.JUnitReportReporter -->
<testsuite hostname="DESKTOP-6OMH5PA" failures="0" tests="3" name="PRACTICE.ANNOTATIONS" time="0.017" errors="0" timestamp="2022-07-08T15:47:54 IST" skipped="0">
  <testcase classname="PRACTICE.ANNOTATIONS" name="test3" time="0.012"/>
  <system-out/>
  <testcase classname="PRACTICE.ANNOTATIONS" name="test1" time="0.002"/>
  <system-out/>
  <testcase classname="PRACTICE.ANNOTATIONS" name="test2" time="0.003"/>
  <system-out/>
</testsuite> <!-- PRACTICE.ANNOTATIONS -->
