<?xml version="1.0" encoding="UTF-8"?>
<!-- Generated by org.testng.reporters.JUnitReportReporter -->
<testsuite hostname="IB-Pune-LAP-329" failures="0" tests="4" name="com.restapi_testng.test" time="4.216" errors="0" timestamp="2022-07-26T15:20:22 IST" skipped="1">
  <testcase classname="com.restapi_testng.test" name="posttest" time="3.016"/>
  <system-out/>
  <testcase classname="com.restapi_testng.test" name="gettest" time="0.665"/>
  <system-out/>
  <testcase classname="com.restapi_testng.test" name="deletetest" time="0.535"/>
  <system-out/>
  <testcase classname="com.restapi_testng.test" name="puttest">
    <skipped/>
  </testcase> <!-- puttest -->
  <system-out/>
</testsuite> <!-- com.restapi_testng.test -->
