<?xml version="1.0" encoding="UTF-8"?>
<!-- Generated by org.testng.reporters.JUnitReportReporter -->
<testsuite hostname="LAPTOP-BPFVO88G" failures="0" tests="6" name="PRACTICE.GROUPS" time="0.015" errors="0" timestamp="2022-04-24T23:45:03 IST" skipped="0">
  <testcase classname="PRACTICE.GROUPS" name="t2" time="0.002"/>
  <system-out/>
  <testcase classname="PRACTICE.GROUPS" name="test6" time="0.003"/>
  <system-out/>
  <testcase classname="PRACTICE.GROUPS" name="test5" time="0.003"/>
  <system-out/>
  <testcase classname="PRACTICE.GROUPS" name="t1" time="0.002"/>
  <system-out/>
  <testcase classname="PRACTICE.GROUPS" name="t3" time="0.003"/>
  <system-out/>
  <testcase classname="PRACTICE.GROUPS" name="test4" time="0.002"/>
  <system-out/>
</testsuite> <!-- PRACTICE.GROUPS -->
