<?xml version="1.0" encoding="UTF-8"?>
<!-- Generated by org.testng.reporters.JUnitReportReporter -->
<testsuite hostname="DESKTOP-6OMH5PA" failures="0" tests="2" name="PRACTICE.PARAMETERS" time="9.069" errors="0" timestamp="2022-05-23T09:47:25 IST" skipped="0">
  <testcase classname="PRACTICE.PARAMETERS" name="logo" time="0.054"/>
  <system-out/>
  <testcase classname="PRACTICE.PARAMETERS" name="login_successful" time="9.015"/>
  <system-out/>
</testsuite> <!-- PRACTICE.PARAMETERS -->
