<?xml version="1.0" encoding="UTF-8"?>
<!-- Generated by org.testng.reporters.JUnitReportReporter -->
<testsuite hostname="DESKTOP-6OMH5PA" failures="0" tests="3" name="PRACTICE.ASSERTS" time="0.014" errors="0" timestamp="2022-05-18T10:20:48 IST" skipped="0">
  <testcase classname="PRACTICE.ASSERTS" name="test1" time="0.012"/>
  <system-out/>
  <testcase classname="PRACTICE.ASSERTS" name="test3" time="0.001"/>
  <system-out/>
  <testcase classname="PRACTICE.ASSERTS" name="test2" time="0.001"/>
  <system-out/>
</testsuite> <!-- PRACTICE.ASSERTS -->
