<?xml version="1.0" encoding="UTF-8"?>
<!-- Generated by org.testng.reporters.JUnitReportReporter -->
<testsuite hostname="LAPTOP-BPFVO88G" failures="0" tests="1" name="PRACTICE.clll" time="28.378" errors="0" timestamp="2022-05-10T14:04:21 IST" skipped="0">
  <testcase classname="PRACTICE.clll" name="launch" time="28.378"/>
  <system-out/>
</testsuite> <!-- PRACTICE.clll -->
