<?xml version="1.0" encoding="UTF-8"?>
<!-- Generated by org.testng.reporters.JUnitReportReporter -->
<testsuite hostname="DESKTOP-6OMH5PA" failures="0" tests="1" name="TCS.colour_testing" time="0.919" errors="0" timestamp="2022-07-11T18:43:36 IST" skipped="0">
  <testcase classname="TCS.colour_testing" name="TC1" time="0.919"/>
  <system-out/>
</testsuite> <!-- TCS.colour_testing -->
