<?xml version="1.0" encoding="UTF-8"?>
<!-- Generated by org.testng.reporters.JUnitReportReporter -->
<testsuite hostname="DESKTOP-6OMH5PA" failures="0" tests="2" name="Launch_page" time="0.703" errors="0" timestamp="2022-06-02T23:05:43 IST" skipped="0">
  <testcase classname="Launch_page" name="Symbol_displayed" time="0.143"/>
  <system-out/>
  <testcase classname="Launch_page" name="Option_under_men_module" time="0.560"/>
  <system-out/>
</testsuite> <!-- Launch_page -->
