<?xml version="1.0" encoding="UTF-8"?>
<!-- Generated by org.testng.reporters.JUnitReportReporter -->
<testsuite hostname="DESKTOP-6OMH5PA" failures="0" tests="4" name="Launch_page.Launch_page" time="16.146" errors="0" timestamp="2022-06-03T13:29:32 IST" skipped="0">
  <testcase classname="Launch_page.Launch_page" name="Symbol_displayed" time="0.236"/>
  <system-out/>
  <testcase classname="Launch_page.Launch_page" name="Option_under_men_module" time="0.611"/>
  <system-out/>
  <testcase classname="Launch_page.Launch_page" name="Main_module" time="0.419"/>
  <system-out/>
  <testcase classname="Launch_page.Launch_page" name="Search_Box" time="14.880"/>
  <system-out/>
</testsuite> <!-- Launch_page.Launch_page -->
