<?xml version="1.0" encoding="UTF-8"?>
<!-- Generated by org.testng.reporters.JUnitReportReporter -->
<testsuite hostname="LAPTOP-BPFVO88G" failures="0" tests="9" name="com.infosis.orangehrm.test.login_page_test" time="24.485" errors="0" timestamp="2022-03-17T15:31:59 IST" skipped="0">
  <testcase classname="com.infosis.orangehrm.test.login_page_test" name="sample_text" time="0.137"/>
  <system-out/>
  <testcase classname="com.infosis.orangehrm.test.login_page_test" name="forgot_password" time="1.770"/>
  <system-out/>
  <testcase classname="com.infosis.orangehrm.test.login_page_test" name="login_unsuccessful" time="2.982"/>
  <system-out/>
  <testcase classname="com.infosis.orangehrm.test.login_page_test" name="login_panel_logo" time="0.057"/>
  <system-out/>
  <testcase classname="com.infosis.orangehrm.test.login_page_test" name="Login_panel_text" time="0.112"/>
  <system-out/>
  <testcase classname="com.infosis.orangehrm.test.login_page_test" name="header_logo" time="0.049"/>
  <system-out/>
  <testcase classname="com.infosis.orangehrm.test.login_page_test" name="TC_01_LOGIN_VALIDCREDENTIALS" time="8.923"/>
  <system-out/>
  <testcase classname="com.infosis.orangehrm.test.login_page_test" name="footer_copyright_link" time="0.351"/>
  <system-out/>
  <testcase classname="com.infosis.orangehrm.test.login_page_test" name="social_media_link" time="10.104"/>
  <system-out/>
</testsuite> <!-- com.infosis.orangehrm.test.login_page_test -->
