<?xml version="1.0" encoding="UTF-8"?>
<!-- Generated by org.testng.reporters.JUnitReportReporter -->
<testsuite hostname="LAPTOP-BPFVO88G" failures="0" tests="1" name="com.infosis.orangehrm.test.dash_board_test" time="9.584" errors="0" timestamp="2022-03-17T14:44:31 IST" skipped="0">
  <testcase classname="com.infosis.orangehrm.test.dash_board_test" name="TC_01_DASGBOARD_SELECTED_BYDEFAULT" time="9.584"/>
  <system-out/>
</testsuite> <!-- com.infosis.orangehrm.test.dash_board_test -->
