<?xml version="1.0" encoding="UTF-8"?>
<!-- Generated by org.testng.reporters.JUnitReportReporter -->
<testsuite hostname="DESKTOP-6OMH5PA" failures="0" tests="2" name="REST.practice" time="2.783" errors="0" timestamp="2022-07-13T15:55:26 IST" skipped="0">
  <testcase classname="REST.practice" name="post" time="2.464"/>
  <system-out/>
  <testcase classname="REST.practice" name="get" time="0.319"/>
  <system-out/>
</testsuite> <!-- REST.practice -->
