<?xml version="1.0" encoding="UTF-8"?>
<!-- Generated by org.testng.reporters.JUnitReportReporter -->
<testsuite hostname="DESKTOP-6OMH5PA" failures="0" tests="2" name="practice.nodes_in_json" time="1.322" errors="0" timestamp="2022-07-14T12:10:43 IST" skipped="0">
  <testcase classname="practice.nodes_in_json" name="complex_json_parse" time="1.226"/>
  <system-out/>
  <testcase classname="practice.nodes_in_json" name="sum_verification" time="0.096"/>
  <system-out/>
</testsuite> <!-- practice.nodes_in_json -->
