<?xml version="1.0" encoding="UTF-8"?>
<!-- Generated by org.testng.reporters.JUnitReportReporter -->
<testsuite hostname="DESKTOP-6OMH5PA" failures="0" tests="3" name="Library_API.GET" time="3.504" errors="0" timestamp="2022-07-14T17:42:22 IST" skipped="0">
  <testcase classname="Library_API.GET" name="POST" time="0.310"/>
  <system-out/>
  <testcase classname="Library_API.GET" name="POST" time="2.772"/>
  <system-out/>
  <testcase classname="Library_API.GET" name="POST" time="0.422"/>
  <system-out/>
</testsuite> <!-- Library_API.GET -->
