<?xml version="1.0" encoding="UTF-8"?>
<!-- Generated by org.testng.reporters.JUnitReportReporter -->
<testsuite hostname="DESKTOP-6OMH5PA" failures="0" tests="1" name="JIRA_API.create_session_using_Login_API" time="2.762" errors="0" timestamp="2022-07-15T14:45:02 IST" skipped="0">
  <testcase classname="JIRA_API.create_session_using_Login_API" name="CREATE_SESSION" time="2.762"/>
  <system-out/>
</testsuite> <!-- JIRA_API.create_session_using_Login_API -->
