<?xml version="1.0" encoding="UTF-8"?>
<!-- Generated by org.testng.reporters.JUnitReportReporter -->
<testsuite hostname="LAPTOP-BPFVO88G" failures="0" tests="2" name="fffff.flipkart_practice" time="30.154" errors="0" timestamp="2022-05-02T17:59:15 IST" skipped="0">
  <testcase classname="fffff.flipkart_practice" name="M2" time="16.146"/>
  <system-out/>
  <testcase classname="fffff.flipkart_practice" name="M1" time="14.008"/>
  <system-out/>
</testsuite> <!-- fffff.flipkart_practice -->
