<?xml version="1.0" encoding="UTF-8"?>
<!-- Generated by org.testng.reporters.JUnitReportReporter -->
<testsuite hostname="DESKTOP-6OMH5PA" failures="0" tests="1" name="DOM.INFOSYS.ORANGE_HRM.MI_PERSONAL_DETAILS" time="16.931" errors="0" timestamp="2022-08-02T16:06:42 IST" skipped="0">
  <testcase classname="DOM.INFOSYS.ORANGE_HRM.MI_PERSONAL_DETAILS" name="mm" time="16.931"/>
  <system-out/>
</testsuite> <!-- DOM.INFOSYS.ORANGE_HRM.MI_PERSONAL_DETAILS -->
