<?xml version="1.0" encoding="UTF-8"?>
<!-- Generated by org.testng.reporters.JUnitReportReporter -->
<testsuite hostname="LAPTOP-BPFVO88G" failures="0" tests="9" name="DOM.INFOSYS.ORANGE_HRM.LOGIN_PAGE" time="35.357" errors="0" timestamp="2022-03-25T18:11:09 IST" skipped="0">
  <testcase classname="DOM.INFOSYS.ORANGE_HRM.LOGIN_PAGE" name="TC_02_sample_text" time="0.413"/>
  <system-out/>
  <testcase classname="DOM.INFOSYS.ORANGE_HRM.LOGIN_PAGE" name="TC_04_login_panel_logo" time="0.212"/>
  <system-out/>
  <testcase classname="DOM.INFOSYS.ORANGE_HRM.LOGIN_PAGE" name="TC_05_header_logo" time="0.199"/>
  <system-out/>
  <testcase classname="DOM.INFOSYS.ORANGE_HRM.LOGIN_PAGE" name="TC_06_Login_panel_text" time="0.218"/>
  <system-out/>
  <testcase classname="DOM.INFOSYS.ORANGE_HRM.LOGIN_PAGE" name="TC_07_forgot_password" time="4.574"/>
  <system-out/>
  <testcase classname="DOM.INFOSYS.ORANGE_HRM.LOGIN_PAGE" name="TC_03_login_unsuccessful" time="3.074"/>
  <system-out/>
  <testcase classname="DOM.INFOSYS.ORANGE_HRM.LOGIN_PAGE" name="TC_01_LOGIN_VALIDCREDENTIALS" time="12.871"/>
  <system-out/>
  <testcase classname="DOM.INFOSYS.ORANGE_HRM.LOGIN_PAGE" name="TC_08_footer_copyright_link" time="3.516"/>
  <system-out/>
  <testcase classname="DOM.INFOSYS.ORANGE_HRM.LOGIN_PAGE" name="TC_09_social_media_link" time="10.280"/>
  <system-out/>
</testsuite> <!-- DOM.INFOSYS.ORANGE_HRM.LOGIN_PAGE -->
