<?xml version="1.0" encoding="UTF-8"?>
<!-- Generated by org.testng.reporters.JUnitReportReporter -->
<testsuite hostname="DESKTOP-6OMH5PA" failures="0" tests="1" name="dashboard.hello" time="0.828" errors="0" timestamp="2022-06-30T19:38:14 IST" skipped="0">
  <testcase classname="dashboard.hello" name="validate_main_module" time="0.828"/>
  <system-out/>
</testsuite> <!-- dashboard.hello -->
