<?xml version="1.0" encoding="UTF-8"?>
<!-- Generated by org.testng.reporters.JUnitReportReporter -->
<testsuite hostname="DESKTOP-6OMH5PA" failures="0" tests="1" name="hello" time="0.018" errors="0" timestamp="2022-06-30T18:58:30 IST" skipped="0">
  <testcase classname="hello" name="ll" time="0.018"/>
  <system-out/>
</testsuite> <!-- hello -->
