<?xml version="1.0" encoding="UTF-8"?>
<!-- Generated by org.testng.reporters.JUnitReportReporter -->
<testsuite hostname="DESKTOP-6OMH5PA" failures="0" tests="4" name="com.restapi_testng.test" time="6.984" errors="0" timestamp="2022-07-28T10:06:09 IST" skipped="0">
  <testcase classname="com.restapi_testng.test" name="posttest" time="5.439"/>
  <system-out/>
  <testcase classname="com.restapi_testng.test" name="gettest" time="0.337"/>
  <system-out/>
  <testcase classname="com.restapi_testng.test" name="puttest" time="0.873"/>
  <system-out/>
  <testcase classname="com.restapi_testng.test" name="deletetest" time="0.335"/>
  <system-out/>
</testsuite> <!-- com.restapi_testng.test -->
