<?xml version="1.0" encoding="UTF-8"?>
<!-- Generated by org.testng.reporters.JUnitReportReporter -->
<testsuite hostname="DESKTOP-6OMH5PA" failures="0" tests="1" name="Elements.test_box" time="1.242" errors="0" timestamp="2022-08-10T17:46:22 IST" skipped="0">
  <testcase classname="Elements.test_box" name="web_table" time="1.242"/>
  <system-out/>
</testsuite> <!-- Elements.test_box -->
