<?xml version="1.0" encoding="UTF-8"?>
<!-- Generated by org.testng.reporters.JUnitReportReporter -->
<testsuite hostname="DESKTOP-6OMH5PA" failures="0" tests="1" name="TESTS.test" time="0.012" errors="0" timestamp="2022-08-10T16:00:13 IST" skipped="0">
  <testcase classname="TESTS.test" name="test" time="0.012"/>
  <system-out/>
</testsuite> <!-- TESTS.test -->
